<?xml version="1.0" encoding="UTF-8"?>
<testsuite xmlns:xsi="http://www.w3.org/2001/XMLSchema-instance" xsi:noNamespaceSchemaLocation="https://maven.apache.org/surefire/maven-surefire-plugin/xsd/surefire-test-report-3.0.xsd" version="3.0" name="Testlogin" time="14.938" tests="1" errors="1" skipped="0" failures="0">
  <properties>
[...]
</properties>
  <testcase name="testCredenciales" classname="Testlogin" time="14.913">
    <error message="current thread is not owner" type="java.lang.IllegalMonitorStateException"><![CDATA[java.lang.IllegalMonitorStateException: current thread is not owner
	at java.base/java.lang.Object.wait0(Native Method)
	at java.base/java.lang.Object.wait(Object.java:366)
	at java.base/java.lang.Object.wait(Object.java:339)
	at Testlogin.tearDown(Testlogin.java:69)
	at java.base/java.lang.reflect.Method.invoke(Method.java:580)
]]></error>
    <system-err><![CDATA[nov 24, 2024 2:39:35 A. M. org.openqa.selenium.devtools.CdpVersionFinder findNearestMatch
WARNING: Unable to find an exact match for CDP version 131, returning the closest version; found: 129; Please update to a Selenium version that supports CDP version 131
]]></system-err>
  </testcase>
</testsuite>